<?xml version="1.0" encoding="UTF-8"?>
<!-- Generated by org.testng.reporters.JUnitXMLReporter -->
<testsuite ignored="2" hostname="MSI" failures="0" tests="3" name="Default test" time="13.049" errors="0" timestamp="2024-12-06T21:33:47 IST">
  <testcase classname="io.weconnect.automation.Loginpage.LoginTest" name="testValidLogin" time="4.058"/>
  <testcase classname="io.weconnect.automation.Loginpage.LoginTest" name="testValidLogin" time="1.126"/>
  <testcase classname="io.weconnect.automation.Loginpage.LoginTest" name="testValidLogin" time="1.631"/>
  <testcase classname="io.weconnect.automation.Loginpage.LoginTest" name="testInvalidLogin" time="0.0">
    <ignored/>
  </testcase> <!-- testInvalidLogin -->
  <testcase classname="io.weconnect.automation.Loginpage.LoginTest" name="testNotRobotCheckbox" time="0.0">
    <ignored/>
  </testcase> <!-- testNotRobotCheckbox -->
</testsuite> <!-- Default test -->
