<?xml version="1.0" encoding="UTF-8"?>
<!-- Generated by org.testng.reporters.JUnitXMLReporter -->
<testsuite ignored="0" hostname="MSI" failures="0" tests="3" name="Login Test" time="25.207" errors="0" timestamp="2024-12-06T16:51:13 IST">
  <testcase classname="io.weconnect.automation.Loginpage.LoginTest" name="testInvalidLogin" time="1.631"/>
  <testcase classname="io.weconnect.automation.Loginpage.LoginTest" name="testNotRobotCheckbox" time="5.294"/>
  <testcase classname="io.weconnect.automation.Loginpage.LoginTest" name="testValidLogin" time="1.324"/>
</testsuite> <!-- Login Test -->
