<?xml version="1.0" encoding="UTF-8"?>
<testng-results ignored="0" total="3" passed="3" failed="0" skipped="0">
  <reporter-output>
  </reporter-output>
  <suite started-at="2024-12-06T21:33:34 IST" name="Default suite" finished-at="2024-12-06T21:33:47 IST" duration-ms="13049">
    <groups>
    </groups>
    <test started-at="2024-12-06T21:33:34 IST" name="Default test" finished-at="2024-12-06T21:33:47 IST" duration-ms="13049">
      <class name="io.weconnect.automation.Loginpage.LoginTest">
        <test-method is-config="true" signature="setupClass()[pri:0, instance:io.weconnect.automation.Loginpage.LoginTest@cc43f62]" started-at="2024-12-06T21:33:34 IST" name="setupClass" finished-at="2024-12-06T21:33:36 IST" duration-ms="1660" status="PASS">
          <reporter-output>
          </reporter-output>
        </test-method> <!-- setupClass -->
        <test-method is-config="true" signature="configTest()[pri:0, instance:io.weconnect.automation.Loginpage.LoginTest@cc43f62]" started-at="2024-12-06T21:33:37 IST" name="configTest" finished-at="2024-12-06T21:33:37 IST" duration-ms="850" status="PASS">
          <reporter-output>
          </reporter-output>
        </test-method> <!-- configTest -->
        <test-method signature="testValidLogin(java.lang.String,java.lang.String,java.lang.String)[pri:0, instance:io.weconnect.automation.Loginpage.LoginTest@cc43f62]" started-at="2024-12-06T21:33:37 IST" name="testValidLogin" description="Verify valid login functionality" data-provider="loginData" finished-at="2024-12-06T21:33:41 IST" duration-ms="4058" status="PASS">
          <params>
            <param index="0">
              <value>
                <![CDATA[user1]]>
              </value>
            </param>
            <param index="1">
              <value>
                <![CDATA[pass1]]>
              </value>
            </param>
            <param index="2">
              <value>
                <![CDATA[Success]]>
              </value>
            </param>
          </params>
          <reporter-output>
          </reporter-output>
        </test-method> <!-- testValidLogin -->
        <test-method is-config="true" signature="configTest()[pri:0, instance:io.weconnect.automation.Loginpage.LoginTest@cc43f62]" started-at="2024-12-06T21:33:41 IST" name="configTest" finished-at="2024-12-06T21:33:43 IST" duration-ms="1620" status="PASS">
          <reporter-output>
          </reporter-output>
        </test-method> <!-- configTest -->
        <test-method signature="testValidLogin(java.lang.String,java.lang.String,java.lang.String)[pri:0, instance:io.weconnect.automation.Loginpage.LoginTest@cc43f62]" started-at="2024-12-06T21:33:43 IST" name="testValidLogin" description="Verify valid login functionality" data-provider="loginData" finished-at="2024-12-06T21:33:44 IST" duration-ms="1126" status="PASS">
          <params>
            <param index="0">
              <value>
                <![CDATA[user2]]>
              </value>
            </param>
            <param index="1">
              <value>
                <![CDATA[pass2]]>
              </value>
            </param>
            <param index="2">
              <value>
                <![CDATA[Failure]]>
              </value>
            </param>
          </params>
          <reporter-output>
          </reporter-output>
        </test-method> <!-- testValidLogin -->
        <test-method is-config="true" signature="configTest()[pri:0, instance:io.weconnect.automation.Loginpage.LoginTest@cc43f62]" started-at="2024-12-06T21:33:44 IST" name="configTest" finished-at="2024-12-06T21:33:46 IST" duration-ms="1470" status="PASS">
          <reporter-output>
          </reporter-output>
        </test-method> <!-- configTest -->
        <test-method signature="testValidLogin(java.lang.String,java.lang.String,java.lang.String)[pri:0, instance:io.weconnect.automation.Loginpage.LoginTest@cc43f62]" started-at="2024-12-06T21:33:46 IST" name="testValidLogin" description="Verify valid login functionality" data-provider="loginData" finished-at="2024-12-06T21:33:47 IST" duration-ms="1631" status="PASS">
          <params>
            <param index="0">
              <value>
                <![CDATA[user3]]>
              </value>
            </param>
            <param index="1">
              <value>
                <![CDATA[pass3]]>
              </value>
            </param>
            <param index="2">
              <value>
                <![CDATA[Success]]>
              </value>
            </param>
          </params>
          <reporter-output>
          </reporter-output>
        </test-method> <!-- testValidLogin -->
      </class> <!-- io.weconnect.automation.Loginpage.LoginTest -->
    </test> <!-- Default test -->
  </suite> <!-- Default suite -->
</testng-results>
